Arguments: 
  C:\Program Files\nodejs\node.exe C:\Users\Calvi\AppData\Roaming\npm\node_modules\yarn\bin\yarn.js add @babel/core @babel/cli @babel/present-env @babel/preset-typescript @commitlint/cli @commitlint/config-conventional @types/jest @types/webpack-env @typescript-eslint/eslint-plugin @typescript-eslint/parser babel-loader babel-plugin-transform-require-context eslint eslint-loader husky jest lint-staged ts-loader webpack webpack-cli webpack-dev-server

PATH: 
  C:\Users\Calvi\bin;C:\Program Files\Git\mingw64\bin;C:\Program Files\Git\usr\local\bin;C:\Program Files\Git\usr\bin;C:\Program Files\Git\usr\bin;C:\Program Files\Git\mingw64\bin;C:\Program Files\Git\usr\bin;C:\Users\Calvi\bin;C:\Python39\Scripts;C:\Python39;C:\Windows\system32;C:\Windows;C:\Windows\System32\Wbem;C:\Windows\System32\WindowsPowerShell\v1.0;C:\Windows\System32\OpenSSH;C:\Program Files (x86)\NVIDIA Corporation\PhysX\Common;C:\Program Files\NVIDIA Corporation\NVIDIA NvDLISR;C:\Program Files\nodejs;C:\ProgramData\chocolatey\bin;C:\Program Files\Git\cmd;C:\Users\Calvi\AppData\Local\Microsoft\WindowsApps;C:\Users\Calvi\AppData\Local\Programs\Microsoft VS Code\bin;C:\Users\Calvi\AppData\Roaming\npm;C:\Program Files\heroku\bin;C:\Program Files\Git\usr\bin\vendor_perl;C:\Program Files\Git\usr\bin\core_perl

Yarn version: 
  1.22.11

Node version: 
  14.17.5

Platform: 
  win32 x64

Trace: 
  Error: https://registry.yarnpkg.com/@babel%2fpresent-env: Not found
      at Request.params.callback [as _callback] (C:\Users\Calvi\AppData\Roaming\npm\node_modules\yarn\lib\cli.js:66992:18)
      at Request.self.callback (C:\Users\Calvi\AppData\Roaming\npm\node_modules\yarn\lib\cli.js:140763:22)
      at Request.emit (events.js:400:28)
      at Request.<anonymous> (C:\Users\Calvi\AppData\Roaming\npm\node_modules\yarn\lib\cli.js:141735:10)
      at Request.emit (events.js:400:28)
      at IncomingMessage.<anonymous> (C:\Users\Calvi\AppData\Roaming\npm\node_modules\yarn\lib\cli.js:141657:12)
      at Object.onceWrapper (events.js:519:28)
      at IncomingMessage.emit (events.js:412:35)
      at endReadableNT (internal/streams/readable.js:1317:12)
      at processTicksAndRejections (internal/process/task_queues.js:82:21)

npm manifest: 
  {
      "name": "boilerplate-typescript-library",
      "author": "Calvin Tiley",
      "license": "ISC",
      "version": "1.0.0",
      "description": "",
      "main": "dist/index.js",
      "module": "dist/index.min.js",
      "files": ["dist"],
      "scripts": {
          "postpublish": "git checkout development && git merge master && git push",
          "preversion": "npm test",
          "postversion": "git push && git push --tags && npm publish",
          "test": "jest",
          "test:unit": "jest unit",
          "test:integration": "jest integration"
      },
      "homepage": "https://github.com/Epiksha/boilerplate-typescript-library#readme",
      "repository": {
          "type": "git",
          "url": "git+https://github.com/Epiksha/boilerplate-typescript-library.git"
      },
      "bugs": {
          "url": "https://github.com/Epiksha/boilerplate-typescript-library/issues"
      },
      "keywords": ["Boilerplate", "Typescript", "Library", "Webpack", "SASS", "Babel", "Jest"],
      "babel": {
          "presets": [
              [
                  "@babel/env",
                  {
                      "modules": false
                  }
              ]
          ]
      },
      "husky": {
          "hooks": {
              "commit-msg": "commitlint -E HUSKY_GIT_PARAMS"
          }
      },
      "types": "dist/index.d.ts",
      "devDependencies": {
          
      }
  }

yarn manifest: 
  No manifest

Lockfile: 
  # THIS IS AN AUTOGENERATED FILE. DO NOT EDIT THIS FILE DIRECTLY.
  # yarn lockfile v1
  
  
  fsevents@~2.3.2:
    version "2.3.2"
    resolved "https://registry.yarnpkg.com/fsevents/-/fsevents-2.3.2.tgz#8a526f78b8fdf4623b709e0b975c52c24c02fd1a"
    integrity sha512-xiqMQR4xAeHTuB9uWm+fFRcIOgKBMiOBP+eXiyT7jsgVCq1bkVygt00oASowB7EdtpOHaaPgKt812P9ab+DDKA==
  
  rollup@^2.59.0:
    version "2.59.0"
    resolved "https://registry.yarnpkg.com/rollup/-/rollup-2.59.0.tgz#108c61b0fa0a37ebc8d1f164f281622056f0db59"
    integrity sha512-l7s90JQhCQ6JyZjKgo7Lq1dKh2RxatOM+Jr6a9F7WbS9WgKbocyUSeLmZl8evAse7y96Ae98L2k1cBOwWD8nHw==
    optionalDependencies:
      fsevents "~2.3.2"
  
  typescript@^4.4.4:
    version "4.4.4"
    resolved "https://registry.yarnpkg.com/typescript/-/typescript-4.4.4.tgz#2cd01a1a1f160704d3101fd5a58ff0f9fcb8030c"
    integrity sha512-DqGhF5IKoBl8WNf8C1gu8q0xZSInh9j1kJJMqT3a94w1JzVaBU4EXOSMrz9yDqMT0xt3selp83fuFMQ0uzv6qA==
